----------------------------------------
Timestamp: 6/4/2014 9:14:37 AM

Message: System.Net.WebException: Unable to connect to the remote server ---> System.Net.Sockets.SocketException: A connection attempt failed because the connected party did not properly respond after a period of time, or established connection failed because connected host has failed to respond 192.168.2.179:80
   at System.Net.Sockets.Socket.DoConnect(EndPoint endPointSnapshot, SocketAddress socketAddress)
   at System.Net.ServicePoint.ConnectSocketInternal(Boolean connectFailure, Socket s4, Socket s6, Socket& socket, IPAddress& address, ConnectSocketState state, IAsyncResult asyncResult, Exception& exception)
   --- End of inner exception stack trace ---
   at System.Net.WebClient.OpenRead(Uri address)
   at Web.SitefinityExtensions.ClientAssetsCache.Caching.Helpers.WebHelper.GetTextFileContent(String url, ILogger logger)

Category: ErrorLog

Priority: -1

EventId: 1

Severity: Information

Title:

Machine: KKIROV

App Domain: /LM/W3SVC/9/ROOT-1-130463468475312736

ProcessId: 3092

Process Name: c:\windows\system32\inetsrv\w3wp.exe

Thread Name: 

Win32 ThreadId:11912

Extended Properties: 
----------------------------------------
----------------------------------------
Timestamp: 6/4/2014 9:14:37 AM

Message: Client assets cache is not working. Reason: Version.txt file could not be found on the webassets application.

Category: ErrorLog

Priority: -1

EventId: 1

Severity: Information

Title:

Machine: KKIROV

App Domain: /LM/W3SVC/9/ROOT-1-130463468475312736

ProcessId: 3092

Process Name: c:\windows\system32\inetsrv\w3wp.exe

Thread Name: 

Win32 ThreadId:11912

Extended Properties: 
----------------------------------------
----------------------------------------
Timestamp: 4.6.2014 г. 9:14:39

Message: HandlingInstanceID: f0c208f6-4b82-46f0-a846-797f898fd6b5
An exception of type 'System.Security.Cryptography.CryptographicException' occurred and was caught.
---------------------------------------------------------------------------------------------------
06/04/2014 12:14:39
Type : System.Security.Cryptography.CryptographicException, mscorlib, Version=4.0.0.0, Culture=neutral, PublicKeyToken=b77a5c561934e089
Message : Bad Data.

Source : mscorlib
Help link : 
Data : System.Collections.ListDictionaryInternal
TargetSite : Void ThrowCryptographicException(Int32)
HResult : -2146893819
Stack Trace :    at System.Security.Cryptography.CryptographicException.ThrowCryptographicException(Int32 hr)
   at System.Security.Cryptography.Utils._DecryptData(SafeKeyHandle hKey, Byte[] data, Int32 ib, Int32 cb, Byte[]& outputBuffer, Int32 outputOffset, PaddingMode PaddingMode, Boolean fDone)
   at System.Security.Cryptography.CryptoAPITransform.TransformFinalBlock(Byte[] inputBuffer, Int32 inputOffset, Int32 inputCount)
   at System.Security.Cryptography.CryptoStream.FlushFinalBlock()
   at System.Security.Cryptography.CryptoStream.Dispose(Boolean disposing)
   at System.IO.Stream.Close()
   at Telerik.Sitefinity.Security.SecurityManager.DecryptData(Byte[] data)
   at Microsoft.IdentityModel.Tokens.SessionSecurityTokenHandler.ApplyTransforms(Byte[] cookie, Boolean outbound)
   at Microsoft.IdentityModel.Tokens.SessionSecurityTokenHandler.ReadToken(XmlReader reader, SecurityTokenResolver tokenResolver)
   at Microsoft.IdentityModel.Tokens.SessionSecurityTokenHandler.ReadToken(Byte[] token, SecurityTokenResolver tokenResolver)
   at Telerik.Sitefinity.Security.Claims.SitefinitySessionAuthenticationModule.ReadToken(Byte[] sessionCookie)

Additional Info:

MachineName : KKIROV
TimeStamp : 4.6.2014 г. 9:14:39
FullName : Telerik.Sitefinity.Utilities, Version=7.0.5100.0, Culture=neutral, PublicKeyToken=b28c218413bdf563
AppDomainName : /LM/W3SVC/9/ROOT-1-130463468475312736
ThreadIdentity : 
WindowsIdentity : NT AUTHORITY\SYSTEM
Requested URL : http://localhost:8093/Sitefinity/Administration/Module-builder/module/type/d7d3c287-ae97-616c-accb-ff00009b0b8b


Category: ErrorLog

Priority: 0

EventId: 9010

Severity: Warning

Title:Enterprise Library Exception Handling

Machine: KKIROV

App Domain: /LM/W3SVC/9/ROOT-1-130463468475312736

ProcessId: 3092

Process Name: c:\windows\system32\inetsrv\w3wp.exe

Thread Name: 

Win32 ThreadId:14368

Extended Properties: 
----------------------------------------
----------------------------------------
Timestamp: 6/4/2014 9:41:59 AM

Message: System.Net.WebException: Unable to connect to the remote server ---> System.Net.Sockets.SocketException: A connection attempt failed because the connected party did not properly respond after a period of time, or established connection failed because connected host has failed to respond 192.168.2.179:80
   at System.Net.Sockets.Socket.DoConnect(EndPoint endPointSnapshot, SocketAddress socketAddress)
   at System.Net.ServicePoint.ConnectSocketInternal(Boolean connectFailure, Socket s4, Socket s6, Socket& socket, IPAddress& address, ConnectSocketState state, IAsyncResult asyncResult, Exception& exception)
   --- End of inner exception stack trace ---
   at System.Net.WebClient.OpenRead(Uri address)
   at Web.SitefinityExtensions.ClientAssetsCache.Caching.Helpers.WebHelper.GetTextFileContent(String url, ILogger logger)

Category: ErrorLog

Priority: -1

EventId: 1

Severity: Information

Title:

Machine: KKIROV

App Domain: /LM/W3SVC/9/ROOT-1-130463484928353380

ProcessId: 13196

Process Name: c:\windows\system32\inetsrv\w3wp.exe

Thread Name: 

Win32 ThreadId:12708

Extended Properties: 
----------------------------------------
----------------------------------------
Timestamp: 6/4/2014 9:41:59 AM

Message: Client assets cache is not working. Reason: Version.txt file could not be found on the webassets application.

Category: ErrorLog

Priority: -1

EventId: 1

Severity: Information

Title:

Machine: KKIROV

App Domain: /LM/W3SVC/9/ROOT-1-130463484928353380

ProcessId: 13196

Process Name: c:\windows\system32\inetsrv\w3wp.exe

Thread Name: 

Win32 ThreadId:12708

Extended Properties: 
----------------------------------------
----------------------------------------
Timestamp: 6/4/2014 10:24:05 AM

Message: System.Net.WebException: Unable to connect to the remote server ---> System.Net.Sockets.SocketException: A connection attempt failed because the connected party did not properly respond after a period of time, or established connection failed because connected host has failed to respond 192.168.2.179:80
   at System.Net.Sockets.Socket.DoConnect(EndPoint endPointSnapshot, SocketAddress socketAddress)
   at System.Net.ServicePoint.ConnectSocketInternal(Boolean connectFailure, Socket s4, Socket s6, Socket& socket, IPAddress& address, ConnectSocketState state, IAsyncResult asyncResult, Exception& exception)
   --- End of inner exception stack trace ---
   at System.Net.WebClient.OpenRead(Uri address)
   at Web.SitefinityExtensions.ClientAssetsCache.Caching.Helpers.WebHelper.GetTextFileContent(String url, ILogger logger)

Category: ErrorLog

Priority: -1

EventId: 1

Severity: Information

Title:

Machine: KKIROV

App Domain: /LM/W3SVC/9/ROOT-1-130463510186758573

ProcessId: 1640

Process Name: c:\windows\system32\inetsrv\w3wp.exe

Thread Name: 

Win32 ThreadId:12344

Extended Properties: 
----------------------------------------
----------------------------------------
Timestamp: 6/4/2014 10:24:05 AM

Message: Client assets cache is not working. Reason: Version.txt file could not be found on the webassets application.

Category: ErrorLog

Priority: -1

EventId: 1

Severity: Information

Title:

Machine: KKIROV

App Domain: /LM/W3SVC/9/ROOT-1-130463510186758573

ProcessId: 1640

Process Name: c:\windows\system32\inetsrv\w3wp.exe

Thread Name: 

Win32 ThreadId:12344

Extended Properties: 
----------------------------------------
----------------------------------------
Timestamp: 6/4/2014 10:27:16 AM

Message: System.Net.WebException: Unable to connect to the remote server ---> System.Net.Sockets.SocketException: A connection attempt failed because the connected party did not properly respond after a period of time, or established connection failed because connected host has failed to respond 192.168.2.179:80
   at System.Net.Sockets.Socket.DoConnect(EndPoint endPointSnapshot, SocketAddress socketAddress)
   at System.Net.ServicePoint.ConnectSocketInternal(Boolean connectFailure, Socket s4, Socket s6, Socket& socket, IPAddress& address, ConnectSocketState state, IAsyncResult asyncResult, Exception& exception)
   --- End of inner exception stack trace ---
   at System.Net.WebClient.OpenRead(Uri address)
   at Web.SitefinityExtensions.ClientAssetsCache.Caching.Helpers.WebHelper.GetTextFileContent(String url, ILogger logger)

Category: ErrorLog

Priority: -1

EventId: 1

Severity: Information

Title:

Machine: KKIROV

App Domain: /LM/W3SVC/9/ROOT-2-130463511925871756

ProcessId: 1640

Process Name: c:\windows\system32\inetsrv\w3wp.exe

Thread Name: 

Win32 ThreadId:12344

Extended Properties: 
----------------------------------------
----------------------------------------
Timestamp: 6/4/2014 10:27:16 AM

Message: Client assets cache is not working. Reason: Version.txt file could not be found on the webassets application.

Category: ErrorLog

Priority: -1

EventId: 1

Severity: Information

Title:

Machine: KKIROV

App Domain: /LM/W3SVC/9/ROOT-2-130463511925871756

ProcessId: 1640

Process Name: c:\windows\system32\inetsrv\w3wp.exe

Thread Name: 

Win32 ThreadId:12344

Extended Properties: 
----------------------------------------
----------------------------------------
Timestamp: 4.6.2014 г. 10:36:14

Message: HandlingInstanceID: 27911b89-03bc-45e1-89d9-beda04c7053d
An exception of type 'System.Runtime.Serialization.SerializationException' occurred and was caught.
---------------------------------------------------------------------------------------------------
06/04/2014 13:36:14
Type : System.Runtime.Serialization.SerializationException, mscorlib, Version=4.0.0.0, Culture=neutral, PublicKeyToken=b77a5c561934e089
Message : Expecting state 'Element'.. Encountered 'Text'  with name '', namespace ''. 
Source : System.Runtime.Serialization
Help link : 
Data : System.Collections.ListDictionaryInternal
TargetSite : System.Object ReadArrayOfguidFromJson(System.Runtime.Serialization.XmlReaderDelegator, System.Runtime.Serialization.Json.XmlObjectSerializerReadContextComplexJson, System.Xml.XmlDictionaryString, System.Xml.XmlDictionaryString, System.Runtime.Serialization.CollectionDataContract)
HResult : -2146233076
Stack Trace :    at ReadArrayOfguidFromJson(XmlReaderDelegator , XmlObjectSerializerReadContextComplexJson , XmlDictionaryString , XmlDictionaryString , CollectionDataContract )
   at System.Runtime.Serialization.Json.JsonCollectionDataContract.ReadJsonValueCore(XmlReaderDelegator jsonReader, XmlObjectSerializerReadContextComplexJson context)
   at System.Runtime.Serialization.Json.JsonDataContract.ReadJsonValue(XmlReaderDelegator jsonReader, XmlObjectSerializerReadContextComplexJson context)
   at System.Runtime.Serialization.XmlObjectSerializerReadContext.InternalDeserialize(XmlReaderDelegator reader, String name, String ns, Type declaredType, DataContract& dataContract)
   at System.Runtime.Serialization.XmlObjectSerializerReadContextComplex.InternalDeserializeWithSurrogate(XmlReaderDelegator xmlReader, Type declaredType, DataContract surrogateDataContract, String name, String ns)
   at ReadFullItemFromJson(XmlReaderDelegator , XmlObjectSerializerReadContextComplexJson , XmlDictionaryString , XmlDictionaryString[] )
   at System.Runtime.Serialization.Json.JsonClassDataContract.ReadJsonValueCore(XmlReaderDelegator jsonReader, XmlObjectSerializerReadContextComplexJson context)
   at System.Runtime.Serialization.Json.JsonDataContract.ReadJsonValue(XmlReaderDelegator jsonReader, XmlObjectSerializerReadContextComplexJson context)
   at System.Runtime.Serialization.XmlObjectSerializerReadContext.InternalDeserialize(XmlReaderDelegator reader, String name, String ns, Type declaredType, DataContract& dataContract)
   at System.Runtime.Serialization.XmlObjectSerializerReadContextComplex.InternalDeserializeWithSurrogate(XmlReaderDelegator xmlReader, Type declaredType, DataContract surrogateDataContract, String name, String ns)
   at ReadDynamicItemContextFromJson(XmlReaderDelegator , XmlObjectSerializerReadContextComplexJson , XmlDictionaryString , XmlDictionaryString[] )
   at System.Runtime.Serialization.Json.JsonClassDataContract.ReadJsonValueCore(XmlReaderDelegator jsonReader, XmlObjectSerializerReadContextComplexJson context)
   at System.Runtime.Serialization.Json.JsonDataContract.ReadJsonValue(XmlReaderDelegator jsonReader, XmlObjectSerializerReadContextComplexJson context)
   at System.Runtime.Serialization.XmlObjectSerializerReadContext.InternalDeserialize(XmlReaderDelegator reader, String name, String ns, Type declaredType, DataContract& dataContract)
   at System.Runtime.Serialization.XmlObjectSerializerReadContextComplex.InternalDeserializeWithSurrogate(XmlReaderDelegator xmlReader, Type declaredType, DataContract surrogateDataContract, String name, String ns)
   at System.Runtime.Serialization.Json.DataContractJsonSerializer.InternalReadObject(XmlReaderDelegator xmlReader, Boolean verifyObjectName)
   at System.Runtime.Serialization.XmlObjectSerializer.ReadObjectHandleExceptions(XmlReaderDelegator reader, Boolean verifyObjectName, DataContractResolver dataContractResolver)
   at System.Runtime.Serialization.Json.DataContractJsonSerializer.ReadObject(XmlDictionaryReader reader, Boolean verifyObjectName)
   at System.ServiceModel.Dispatcher.SingleBodyParameterDataContractMessageFormatter.ReadObject(Message message)
   at System.ServiceModel.Dispatcher.SingleBodyParameterMessageFormatter.DeserializeRequest(Message message, Object[] parameters)
   at System.ServiceModel.Dispatcher.DemultiplexingDispatchMessageFormatter.DeserializeRequest(Message message, Object[] parameters)
   at System.ServiceModel.Dispatcher.UriTemplateDispatchFormatter.DeserializeRequest(Message message, Object[] parameters)
   at System.ServiceModel.Dispatcher.DispatchOperationRuntime.DeserializeInputs(MessageRpc& rpc)
   at System.ServiceModel.Dispatcher.DispatchOperationRuntime.InvokeBegin(MessageRpc& rpc)
   at System.ServiceModel.Dispatcher.ImmutableDispatchRuntime.ProcessMessage5(MessageRpc& rpc)
   at System.ServiceModel.Dispatcher.ImmutableDispatchRuntime.ProcessMessage31(MessageRpc& rpc)
   at System.ServiceModel.Dispatcher.MessageRpc.Process(Boolean isOperationContextSet)

Additional Info:

MachineName : KKIROV
TimeStamp : 4.6.2014 г. 10:36:14
FullName : Telerik.Sitefinity.Utilities, Version=7.0.5100.0, Culture=neutral, PublicKeyToken=b28c218413bdf563
AppDomainName : /LM/W3SVC/9/ROOT-2-130463511925871756
ThreadIdentity : 
WindowsIdentity : NT AUTHORITY\SYSTEM
Requested URL : http://localhost:8093/Sitefinity/Services/DynamicModules/Data.svc/00000000-0000-0000-0000-000000000000/?itemType=Telerik.Sitefinity.DynamicTypes.Model.FullModule.FullItem&providerName=OpenAccessProvider&managerType=Telerik.Sitefinity.DynamicModules.DynamicModuleManager&provider=OpenAccessProvider&workflowOperation=Publish


Category: ErrorLog

Priority: 0

EventId: 90000

Severity: Error

Title:Enterprise Library Exception Handling

Machine: KKIROV

App Domain: /LM/W3SVC/9/ROOT-2-130463511925871756

ProcessId: 1640

Process Name: c:\windows\system32\inetsrv\w3wp.exe

Thread Name: 

Win32 ThreadId:10048

Extended Properties: 
----------------------------------------
----------------------------------------
Timestamp: 6/4/2014 10:56:57 AM

Message: HandlingInstanceID: 98c45b98-5e8e-49be-b8d8-32a837d6e75e
An exception of type 'System.Web.HttpException' occurred and was caught.
------------------------------------------------------------------------
06/04/2014 13:56:57
Type : System.Web.HttpException, System.Web, Version=4.0.0.0, Culture=neutral, PublicKeyToken=b03f5f7f11d50a3a
Message : Request timed out.
Source : 
Help link : 
WebEventCode : 3001
ErrorCode : -2147467259
Data : System.Collections.ListDictionaryInternal
TargetSite : 
HResult : -2147467259
Stack Trace : The stack trace is unavailable.
Additional Info:

MachineName : KKIROV
TimeStamp : 6/4/2014 10:56:57 AM
FullName : Telerik.Sitefinity.Utilities, Version=7.0.5100.0, Culture=neutral, PublicKeyToken=b28c218413bdf563
AppDomainName : /LM/W3SVC/9/ROOT-2-130463511925871756
ThreadIdentity : admin
WindowsIdentity : NT AUTHORITY\SYSTEM
Requested URL : http://localhost:8093/videos/default-source/default-video-library/3.mp4?sfvrsn=2


Category: ErrorLog

Priority: 0

EventId: 90000

Severity: Error

Title:Enterprise Library Exception Handling

Machine: KKIROV

App Domain: /LM/W3SVC/9/ROOT-2-130463511925871756

ProcessId: 1640

Process Name: c:\windows\system32\inetsrv\w3wp.exe

Thread Name: 

Win32 ThreadId:14476

Extended Properties: 
----------------------------------------
----------------------------------------
Timestamp: 6/4/2014 11:15:36 AM

Message: System.Net.WebException: Unable to connect to the remote server ---> System.Net.Sockets.SocketException: A connection attempt failed because the connected party did not properly respond after a period of time, or established connection failed because connected host has failed to respond 192.168.2.179:80
   at System.Net.Sockets.Socket.DoConnect(EndPoint endPointSnapshot, SocketAddress socketAddress)
   at System.Net.ServicePoint.ConnectSocketInternal(Boolean connectFailure, Socket s4, Socket s6, Socket& socket, IPAddress& address, ConnectSocketState state, IAsyncResult asyncResult, Exception& exception)
   --- End of inner exception stack trace ---
   at System.Net.WebClient.OpenRead(Uri address)
   at Web.SitefinityExtensions.ClientAssetsCache.Caching.Helpers.WebHelper.GetTextFileContent(String url, ILogger logger)

Category: ErrorLog

Priority: -1

EventId: 1

Severity: Information

Title:

Machine: KKIROV

App Domain: /LM/W3SVC/9/ROOT-4-130463541067742327

ProcessId: 1640

Process Name: c:\windows\system32\inetsrv\w3wp.exe

Thread Name: 

Win32 ThreadId:13188

Extended Properties: 
----------------------------------------
----------------------------------------
Timestamp: 6/4/2014 11:15:36 AM

Message: Client assets cache is not working. Reason: Version.txt file could not be found on the webassets application.

Category: ErrorLog

Priority: -1

EventId: 1

Severity: Information

Title:

Machine: KKIROV

App Domain: /LM/W3SVC/9/ROOT-4-130463541067742327

ProcessId: 1640

Process Name: c:\windows\system32\inetsrv\w3wp.exe

Thread Name: 

Win32 ThreadId:13188

Extended Properties: 
----------------------------------------
----------------------------------------
Timestamp: 6/4/2014 11:40:12 AM

Message: System.Net.WebException: Unable to connect to the remote server ---> System.Net.Sockets.SocketException: A connection attempt failed because the connected party did not properly respond after a period of time, or established connection failed because connected host has failed to respond 192.168.2.179:80
   at System.Net.Sockets.Socket.DoConnect(EndPoint endPointSnapshot, SocketAddress socketAddress)
   at System.Net.ServicePoint.ConnectSocketInternal(Boolean connectFailure, Socket s4, Socket s6, Socket& socket, IPAddress& address, ConnectSocketState state, IAsyncResult asyncResult, Exception& exception)
   --- End of inner exception stack trace ---
   at System.Net.WebClient.OpenRead(Uri address)
   at Web.SitefinityExtensions.ClientAssetsCache.Caching.Helpers.WebHelper.GetTextFileContent(String url, ILogger logger)

Category: ErrorLog

Priority: -1

EventId: 1

Severity: Information

Title:

Machine: KKIROV

App Domain: /LM/W3SVC/9/ROOT-5-130463555674560585

ProcessId: 1640

Process Name: c:\windows\system32\inetsrv\w3wp.exe

Thread Name: 

Win32 ThreadId:13188

Extended Properties: 
----------------------------------------
----------------------------------------
Timestamp: 6/4/2014 11:40:12 AM

Message: Client assets cache is not working. Reason: Version.txt file could not be found on the webassets application.

Category: ErrorLog

Priority: -1

EventId: 1

Severity: Information

Title:

Machine: KKIROV

App Domain: /LM/W3SVC/9/ROOT-5-130463555674560585

ProcessId: 1640

Process Name: c:\windows\system32\inetsrv\w3wp.exe

Thread Name: 

Win32 ThreadId:13188

Extended Properties: 
----------------------------------------
----------------------------------------
Timestamp: 4.6.2014 г. 11:40:14

Message: HandlingInstanceID: ef2cba29-88f7-46cb-b2b4-acdf788404c9
An exception of type 'System.Security.Cryptography.CryptographicException' occurred and was caught.
---------------------------------------------------------------------------------------------------
06/04/2014 14:40:14
Type : System.Security.Cryptography.CryptographicException, mscorlib, Version=4.0.0.0, Culture=neutral, PublicKeyToken=b77a5c561934e089
Message : Bad Data.

Source : mscorlib
Help link : 
Data : System.Collections.ListDictionaryInternal
TargetSite : Void ThrowCryptographicException(Int32)
HResult : -2146893819
Stack Trace :    at System.Security.Cryptography.CryptographicException.ThrowCryptographicException(Int32 hr)
   at System.Security.Cryptography.Utils._DecryptData(SafeKeyHandle hKey, Byte[] data, Int32 ib, Int32 cb, Byte[]& outputBuffer, Int32 outputOffset, PaddingMode PaddingMode, Boolean fDone)
   at System.Security.Cryptography.CryptoAPITransform.TransformFinalBlock(Byte[] inputBuffer, Int32 inputOffset, Int32 inputCount)
   at System.Security.Cryptography.CryptoStream.FlushFinalBlock()
   at System.Security.Cryptography.CryptoStream.Dispose(Boolean disposing)
   at System.IO.Stream.Close()
   at Telerik.Sitefinity.Security.SecurityManager.DecryptData(Byte[] data)
   at Microsoft.IdentityModel.Tokens.SessionSecurityTokenHandler.ApplyTransforms(Byte[] cookie, Boolean outbound)
   at Microsoft.IdentityModel.Tokens.SessionSecurityTokenHandler.ReadToken(XmlReader reader, SecurityTokenResolver tokenResolver)
   at Microsoft.IdentityModel.Tokens.SessionSecurityTokenHandler.ReadToken(Byte[] token, SecurityTokenResolver tokenResolver)
   at Telerik.Sitefinity.Security.Claims.SitefinitySessionAuthenticationModule.ReadToken(Byte[] sessionCookie)

Additional Info:

MachineName : KKIROV
TimeStamp : 4.6.2014 г. 11:40:14
FullName : Telerik.Sitefinity.Utilities, Version=7.0.5100.0, Culture=neutral, PublicKeyToken=b28c218413bdf563
AppDomainName : /LM/W3SVC/9/ROOT-5-130463555674560585
ThreadIdentity : 
WindowsIdentity : NT AUTHORITY\SYSTEM
Requested URL : http://localhost:8093/Tests.aspx


Category: ErrorLog

Priority: 0

EventId: 9010

Severity: Warning

Title:Enterprise Library Exception Handling

Machine: KKIROV

App Domain: /LM/W3SVC/9/ROOT-5-130463555674560585

ProcessId: 1640

Process Name: c:\windows\system32\inetsrv\w3wp.exe

Thread Name: 

Win32 ThreadId:4568

Extended Properties: 
----------------------------------------
----------------------------------------
Timestamp: 6/4/2014 11:43:11 AM

Message: System.Net.WebException: Unable to connect to the remote server ---> System.Net.Sockets.SocketException: A connection attempt failed because the connected party did not properly respond after a period of time, or established connection failed because connected host has failed to respond 192.168.2.179:80
   at System.Net.Sockets.Socket.DoConnect(EndPoint endPointSnapshot, SocketAddress socketAddress)
   at System.Net.ServicePoint.ConnectSocketInternal(Boolean connectFailure, Socket s4, Socket s6, Socket& socket, IPAddress& address, ConnectSocketState state, IAsyncResult asyncResult, Exception& exception)
   --- End of inner exception stack trace ---
   at System.Net.WebClient.OpenRead(Uri address)
   at Web.SitefinityExtensions.ClientAssetsCache.Caching.Helpers.WebHelper.GetTextFileContent(String url, ILogger logger)

Category: ErrorLog

Priority: -1

EventId: 1

Severity: Information

Title:

Machine: KKIROV

App Domain: /LM/W3SVC/9/ROOT-6-130463557474872357

ProcessId: 1640

Process Name: c:\windows\system32\inetsrv\w3wp.exe

Thread Name: 

Win32 ThreadId:13188

Extended Properties: 
----------------------------------------
----------------------------------------
Timestamp: 6/4/2014 11:43:11 AM

Message: Client assets cache is not working. Reason: Version.txt file could not be found on the webassets application.

Category: ErrorLog

Priority: -1

EventId: 1

Severity: Information

Title:

Machine: KKIROV

App Domain: /LM/W3SVC/9/ROOT-6-130463557474872357

ProcessId: 1640

Process Name: c:\windows\system32\inetsrv\w3wp.exe

Thread Name: 

Win32 ThreadId:13188

Extended Properties: 
----------------------------------------
----------------------------------------
Timestamp: 4.6.2014 г. 11:43:12

Message: HandlingInstanceID: 500d97e1-b1bf-494d-a016-8252dfdaadc8
An exception of type 'System.Security.Cryptography.CryptographicException' occurred and was caught.
---------------------------------------------------------------------------------------------------
06/04/2014 14:43:12
Type : System.Security.Cryptography.CryptographicException, mscorlib, Version=4.0.0.0, Culture=neutral, PublicKeyToken=b77a5c561934e089
Message : Bad Data.

Source : mscorlib
Help link : 
Data : System.Collections.ListDictionaryInternal
TargetSite : Void ThrowCryptographicException(Int32)
HResult : -2146893819
Stack Trace :    at System.Security.Cryptography.CryptographicException.ThrowCryptographicException(Int32 hr)
   at System.Security.Cryptography.Utils._DecryptData(SafeKeyHandle hKey, Byte[] data, Int32 ib, Int32 cb, Byte[]& outputBuffer, Int32 outputOffset, PaddingMode PaddingMode, Boolean fDone)
   at System.Security.Cryptography.CryptoAPITransform.TransformFinalBlock(Byte[] inputBuffer, Int32 inputOffset, Int32 inputCount)
   at System.Security.Cryptography.CryptoStream.FlushFinalBlock()
   at System.Security.Cryptography.CryptoStream.Dispose(Boolean disposing)
   at System.IO.Stream.Close()
   at Telerik.Sitefinity.Security.SecurityManager.DecryptData(Byte[] data)
   at Microsoft.IdentityModel.Tokens.SessionSecurityTokenHandler.ApplyTransforms(Byte[] cookie, Boolean outbound)
   at Microsoft.IdentityModel.Tokens.SessionSecurityTokenHandler.ReadToken(XmlReader reader, SecurityTokenResolver tokenResolver)
   at Microsoft.IdentityModel.Tokens.SessionSecurityTokenHandler.ReadToken(Byte[] token, SecurityTokenResolver tokenResolver)
   at Telerik.Sitefinity.Security.Claims.SitefinitySessionAuthenticationModule.ReadToken(Byte[] sessionCookie)

Additional Info:

MachineName : KKIROV
TimeStamp : 4.6.2014 г. 11:43:12
FullName : Telerik.Sitefinity.Utilities, Version=7.0.5100.0, Culture=neutral, PublicKeyToken=b28c218413bdf563
AppDomainName : /LM/W3SVC/9/ROOT-6-130463557474872357
ThreadIdentity : 
WindowsIdentity : NT AUTHORITY\SYSTEM
Requested URL : http://localhost:8093/home


Category: ErrorLog

Priority: 0

EventId: 9010

Severity: Warning

Title:Enterprise Library Exception Handling

Machine: KKIROV

App Domain: /LM/W3SVC/9/ROOT-6-130463557474872357

ProcessId: 1640

Process Name: c:\windows\system32\inetsrv\w3wp.exe

Thread Name: 

Win32 ThreadId:15148

Extended Properties: 
----------------------------------------
----------------------------------------
Timestamp: 4.6.2014 г. 11:43:12

Message: HandlingInstanceID: 74359ddc-1010-4d67-9875-b6e4f48e21ed
An exception of type 'System.Security.Cryptography.CryptographicException' occurred and was caught.
---------------------------------------------------------------------------------------------------
06/04/2014 14:43:12
Type : System.Security.Cryptography.CryptographicException, mscorlib, Version=4.0.0.0, Culture=neutral, PublicKeyToken=b77a5c561934e089
Message : Bad Data.

Source : mscorlib
Help link : 
Data : System.Collections.ListDictionaryInternal
TargetSite : Void ThrowCryptographicException(Int32)
HResult : -2146893819
Stack Trace :    at System.Security.Cryptography.CryptographicException.ThrowCryptographicException(Int32 hr)
   at System.Security.Cryptography.Utils._DecryptData(SafeKeyHandle hKey, Byte[] data, Int32 ib, Int32 cb, Byte[]& outputBuffer, Int32 outputOffset, PaddingMode PaddingMode, Boolean fDone)
   at System.Security.Cryptography.CryptoAPITransform.TransformFinalBlock(Byte[] inputBuffer, Int32 inputOffset, Int32 inputCount)
   at System.Security.Cryptography.CryptoStream.FlushFinalBlock()
   at System.Security.Cryptography.CryptoStream.Dispose(Boolean disposing)
   at System.IO.Stream.Close()
   at Telerik.Sitefinity.Security.SecurityManager.DecryptData(Byte[] data)
   at Microsoft.IdentityModel.Tokens.SessionSecurityTokenHandler.ApplyTransforms(Byte[] cookie, Boolean outbound)
   at Microsoft.IdentityModel.Tokens.SessionSecurityTokenHandler.ReadToken(XmlReader reader, SecurityTokenResolver tokenResolver)
   at Microsoft.IdentityModel.Tokens.SessionSecurityTokenHandler.ReadToken(Byte[] token, SecurityTokenResolver tokenResolver)
   at Telerik.Sitefinity.Security.Claims.SitefinitySessionAuthenticationModule.ReadToken(Byte[] sessionCookie)

Additional Info:

MachineName : KKIROV
TimeStamp : 4.6.2014 г. 11:43:12
FullName : Telerik.Sitefinity.Utilities, Version=7.0.5100.0, Culture=neutral, PublicKeyToken=b28c218413bdf563
AppDomainName : /LM/W3SVC/9/ROOT-6-130463557474872357
ThreadIdentity : 
WindowsIdentity : NT AUTHORITY\SYSTEM
Requested URL : http://localhost:8093/Sitefinity/Content/full-module


Category: ErrorLog

Priority: 0

EventId: 9010

Severity: Warning

Title:Enterprise Library Exception Handling

Machine: KKIROV

App Domain: /LM/W3SVC/9/ROOT-6-130463557474872357

ProcessId: 1640

Process Name: c:\windows\system32\inetsrv\w3wp.exe

Thread Name: 

Win32 ThreadId:15240

Extended Properties: 
----------------------------------------
----------------------------------------
Timestamp: 6/4/2014 11:48:34 AM

Message: System.Net.WebException: Unable to connect to the remote server ---> System.Net.Sockets.SocketException: A connection attempt failed because the connected party did not properly respond after a period of time, or established connection failed because connected host has failed to respond 192.168.2.179:80
   at System.Net.Sockets.Socket.DoConnect(EndPoint endPointSnapshot, SocketAddress socketAddress)
   at System.Net.ServicePoint.ConnectSocketInternal(Boolean connectFailure, Socket s4, Socket s6, Socket& socket, IPAddress& address, ConnectSocketState state, IAsyncResult asyncResult, Exception& exception)
   --- End of inner exception stack trace ---
   at System.Net.WebClient.OpenRead(Uri address)
   at Web.SitefinityExtensions.ClientAssetsCache.Caching.Helpers.WebHelper.GetTextFileContent(String url, ILogger logger)

Category: ErrorLog

Priority: -1

EventId: 1

Severity: Information

Title:

Machine: KKIROV

App Domain: /LM/W3SVC/9/ROOT-7-130463560860317111

ProcessId: 1640

Process Name: c:\windows\system32\inetsrv\w3wp.exe

Thread Name: 

Win32 ThreadId:13188

Extended Properties: 
----------------------------------------
----------------------------------------
Timestamp: 6/4/2014 11:48:34 AM

Message: Client assets cache is not working. Reason: Version.txt file could not be found on the webassets application.

Category: ErrorLog

Priority: -1

EventId: 1

Severity: Information

Title:

Machine: KKIROV

App Domain: /LM/W3SVC/9/ROOT-7-130463560860317111

ProcessId: 1640

Process Name: c:\windows\system32\inetsrv\w3wp.exe

Thread Name: 

Win32 ThreadId:13188

Extended Properties: 
----------------------------------------
----------------------------------------
Timestamp: 6/4/2014 11:49:12 AM

Message: HandlingInstanceID: 58457de9-c326-4304-8621-bc31bbf6e208
An exception of type 'System.UnauthorizedAccessException' occurred and was caught.
----------------------------------------------------------------------------------
06/04/2014 14:49:12
Type : System.UnauthorizedAccessException, mscorlib, Version=4.0.0.0, Culture=neutral, PublicKeyToken=b77a5c561934e089
Message : Authorization failed.
Source : Unity_ILEmit_DynamicClasses
Help link : 
Data : System.Collections.ListDictionaryInternal
TargetSite : Void CommitTransaction()
HResult : -2147024891
Stack Trace :    at DynamicModule.ns.Wrapped_OpenAccessDynamicModuleProvider_6ee712e753124bf0ba935e438c52cd07.CommitTransaction()
   at Telerik.Sitefinity.Data.ManagerBase`1.SaveChanges(String eventOrigin)
   at Telerik.Sitefinity.DynamicModules.StrongTypes.Data.DynamicItemsRepositoryBase`1.Commit()
   at SitefinityWebApp.Tests.TestCreateButton_Click(Object sender, EventArgs e) in d:\git\Telerik.Sitefinity.DynamicModules.StrongTypes\SitefinityWebApp\Tests.aspx.cs:line 84
   at System.Web.UI.WebControls.Button.RaisePostBackEvent(String eventArgument)
   at System.Web.UI.Page.ProcessRequestMain(Boolean includeStagesBeforeAsyncPoint, Boolean includeStagesAfterAsyncPoint)

Additional Info:

MachineName : KKIROV
TimeStamp : 6/4/2014 11:49:12 AM
FullName : Telerik.Sitefinity.Utilities, Version=7.0.5100.0, Culture=neutral, PublicKeyToken=b28c218413bdf563
AppDomainName : /LM/W3SVC/9/ROOT-7-130463560860317111
ThreadIdentity : 
WindowsIdentity : NT AUTHORITY\SYSTEM
Requested URL : http://localhost:8093/Tests.aspx


Category: ErrorLog

Priority: 0

EventId: 90000

Severity: Error

Title:Enterprise Library Exception Handling

Machine: KKIROV

App Domain: /LM/W3SVC/9/ROOT-7-130463560860317111

ProcessId: 1640

Process Name: c:\windows\system32\inetsrv\w3wp.exe

Thread Name: 

Win32 ThreadId:16604

Extended Properties: 
----------------------------------------
----------------------------------------
Timestamp: 6/4/2014 11:51:49 AM

Message: System.Net.WebException: Unable to connect to the remote server ---> System.Net.Sockets.SocketException: A connection attempt failed because the connected party did not properly respond after a period of time, or established connection failed because connected host has failed to respond 192.168.2.179:80
   at System.Net.Sockets.Socket.DoConnect(EndPoint endPointSnapshot, SocketAddress socketAddress)
   at System.Net.ServicePoint.ConnectSocketInternal(Boolean connectFailure, Socket s4, Socket s6, Socket& socket, IPAddress& address, ConnectSocketState state, IAsyncResult asyncResult, Exception& exception)
   --- End of inner exception stack trace ---
   at System.Net.WebClient.OpenRead(Uri address)
   at Web.SitefinityExtensions.ClientAssetsCache.Caching.Helpers.WebHelper.GetTextFileContent(String url, ILogger logger)

Category: ErrorLog

Priority: -1

EventId: 1

Severity: Information

Title:

Machine: KKIROV

App Domain: /LM/W3SVC/9/ROOT-8-130463562654551591

ProcessId: 1640

Process Name: c:\windows\system32\inetsrv\w3wp.exe

Thread Name: 

Win32 ThreadId:13188

Extended Properties: 
----------------------------------------
----------------------------------------
Timestamp: 6/4/2014 11:51:49 AM

Message: Client assets cache is not working. Reason: Version.txt file could not be found on the webassets application.

Category: ErrorLog

Priority: -1

EventId: 1

Severity: Information

Title:

Machine: KKIROV

App Domain: /LM/W3SVC/9/ROOT-8-130463562654551591

ProcessId: 1640

Process Name: c:\windows\system32\inetsrv\w3wp.exe

Thread Name: 

Win32 ThreadId:13188

Extended Properties: 
----------------------------------------
----------------------------------------
Timestamp: 4.6.2014 г. 11:51:50

Message: HandlingInstanceID: 011df945-c620-4c3c-a0e4-4474bca98faf
An exception of type 'System.Security.Cryptography.CryptographicException' occurred and was caught.
---------------------------------------------------------------------------------------------------
06/04/2014 14:51:50
Type : System.Security.Cryptography.CryptographicException, mscorlib, Version=4.0.0.0, Culture=neutral, PublicKeyToken=b77a5c561934e089
Message : Bad Data.

Source : mscorlib
Help link : 
Data : System.Collections.ListDictionaryInternal
TargetSite : Void ThrowCryptographicException(Int32)
HResult : -2146893819
Stack Trace :    at System.Security.Cryptography.CryptographicException.ThrowCryptographicException(Int32 hr)
   at System.Security.Cryptography.Utils._DecryptData(SafeKeyHandle hKey, Byte[] data, Int32 ib, Int32 cb, Byte[]& outputBuffer, Int32 outputOffset, PaddingMode PaddingMode, Boolean fDone)
   at System.Security.Cryptography.CryptoAPITransform.TransformFinalBlock(Byte[] inputBuffer, Int32 inputOffset, Int32 inputCount)
   at System.Security.Cryptography.CryptoStream.FlushFinalBlock()
   at System.Security.Cryptography.CryptoStream.Dispose(Boolean disposing)
   at System.IO.Stream.Close()
   at Telerik.Sitefinity.Security.SecurityManager.DecryptData(Byte[] data)
   at Microsoft.IdentityModel.Tokens.SessionSecurityTokenHandler.ApplyTransforms(Byte[] cookie, Boolean outbound)
   at Microsoft.IdentityModel.Tokens.SessionSecurityTokenHandler.ReadToken(XmlReader reader, SecurityTokenResolver tokenResolver)
   at Microsoft.IdentityModel.Tokens.SessionSecurityTokenHandler.ReadToken(Byte[] token, SecurityTokenResolver tokenResolver)
   at Telerik.Sitefinity.Security.Claims.SitefinitySessionAuthenticationModule.ReadToken(Byte[] sessionCookie)

Additional Info:

MachineName : KKIROV
TimeStamp : 4.6.2014 г. 11:51:50
FullName : Telerik.Sitefinity.Utilities, Version=7.0.5100.0, Culture=neutral, PublicKeyToken=b28c218413bdf563
AppDomainName : /LM/W3SVC/9/ROOT-8-130463562654551591
ThreadIdentity : 
WindowsIdentity : NT AUTHORITY\SYSTEM
Requested URL : http://localhost:8093/home


Category: ErrorLog

Priority: 0

EventId: 9010

Severity: Warning

Title:Enterprise Library Exception Handling

Machine: KKIROV

App Domain: /LM/W3SVC/9/ROOT-8-130463562654551591

ProcessId: 1640

Process Name: c:\windows\system32\inetsrv\w3wp.exe

Thread Name: 

Win32 ThreadId:5104

Extended Properties: 
----------------------------------------
----------------------------------------
Timestamp: 6/4/2014 12:08:12 PM

Message: System.Net.WebException: Unable to connect to the remote server ---> System.Net.Sockets.SocketException: A connection attempt failed because the connected party did not properly respond after a period of time, or established connection failed because connected host has failed to respond 192.168.2.179:80
   at System.Net.Sockets.Socket.DoConnect(EndPoint endPointSnapshot, SocketAddress socketAddress)
   at System.Net.ServicePoint.ConnectSocketInternal(Boolean connectFailure, Socket s4, Socket s6, Socket& socket, IPAddress& address, ConnectSocketState state, IAsyncResult asyncResult, Exception& exception)
   --- End of inner exception stack trace ---
   at System.Net.WebClient.OpenRead(Uri address)
   at Web.SitefinityExtensions.ClientAssetsCache.Caching.Helpers.WebHelper.GetTextFileContent(String url, ILogger logger)

Category: ErrorLog

Priority: -1

EventId: 1

Severity: Information

Title:

Machine: KKIROV

App Domain: /LM/W3SVC/9/ROOT-9-130463572485910259

ProcessId: 1640

Process Name: c:\windows\system32\inetsrv\w3wp.exe

Thread Name: 

Win32 ThreadId:13188

Extended Properties: 
----------------------------------------
----------------------------------------
Timestamp: 6/4/2014 12:08:12 PM

Message: Client assets cache is not working. Reason: Version.txt file could not be found on the webassets application.

Category: ErrorLog

Priority: -1

EventId: 1

Severity: Information

Title:

Machine: KKIROV

App Domain: /LM/W3SVC/9/ROOT-9-130463572485910259

ProcessId: 1640

Process Name: c:\windows\system32\inetsrv\w3wp.exe

Thread Name: 

Win32 ThreadId:13188

Extended Properties: 
----------------------------------------
----------------------------------------
Timestamp: 6/4/2014 12:10:48 PM

Message: System.Net.WebException: Unable to connect to the remote server ---> System.Net.Sockets.SocketException: A connection attempt failed because the connected party did not properly respond after a period of time, or established connection failed because connected host has failed to respond 192.168.2.179:80
   at System.Net.Sockets.Socket.DoConnect(EndPoint endPointSnapshot, SocketAddress socketAddress)
   at System.Net.ServicePoint.ConnectSocketInternal(Boolean connectFailure, Socket s4, Socket s6, Socket& socket, IPAddress& address, ConnectSocketState state, IAsyncResult asyncResult, Exception& exception)
   --- End of inner exception stack trace ---
   at System.Net.WebClient.OpenRead(Uri address)
   at Web.SitefinityExtensions.ClientAssetsCache.Caching.Helpers.WebHelper.GetTextFileContent(String url, ILogger logger)

Category: ErrorLog

Priority: -1

EventId: 1

Severity: Information

Title:

Machine: KKIROV

App Domain: /LM/W3SVC/9/ROOT-10-130463574046496918

ProcessId: 1640

Process Name: c:\windows\system32\inetsrv\w3wp.exe

Thread Name: 

Win32 ThreadId:13188

Extended Properties: 
----------------------------------------
----------------------------------------
Timestamp: 6/4/2014 12:10:48 PM

Message: Client assets cache is not working. Reason: Version.txt file could not be found on the webassets application.

Category: ErrorLog

Priority: -1

EventId: 1

Severity: Information

Title:

Machine: KKIROV

App Domain: /LM/W3SVC/9/ROOT-10-130463574046496918

ProcessId: 1640

Process Name: c:\windows\system32\inetsrv\w3wp.exe

Thread Name: 

Win32 ThreadId:13188

Extended Properties: 
----------------------------------------
----------------------------------------
Timestamp: 6/4/2014 12:33:24 PM

Message: HandlingInstanceID: d024a563-f45b-45a9-b1cd-4481fe02850d
An exception of type 'System.Web.HttpException' occurred and was caught.
------------------------------------------------------------------------
06/04/2014 15:33:23
Type : System.Web.HttpException, System.Web, Version=4.0.0.0, Culture=neutral, PublicKeyToken=b03f5f7f11d50a3a
Message : Request timed out.
Source : 
Help link : 
WebEventCode : 3001
ErrorCode : -2147467259
Data : System.Collections.ListDictionaryInternal
TargetSite : 
HResult : -2147467259
Stack Trace : The stack trace is unavailable.
Additional Info:

MachineName : KKIROV
TimeStamp : 6/4/2014 12:33:24 PM
FullName : Telerik.Sitefinity.Utilities, Version=7.0.5100.0, Culture=neutral, PublicKeyToken=b28c218413bdf563
AppDomainName : /LM/W3SVC/9/ROOT-10-130463574046496918
ThreadIdentity : admin
WindowsIdentity : NT AUTHORITY\SYSTEM
Requested URL : http://localhost:8093/videos/default-source/default-video-library/3.mp4?sfvrsn=2


Category: ErrorLog

Priority: 0

EventId: 90000

Severity: Error

Title:Enterprise Library Exception Handling

Machine: KKIROV

App Domain: /LM/W3SVC/9/ROOT-10-130463574046496918

ProcessId: 1640

Process Name: c:\windows\system32\inetsrv\w3wp.exe

Thread Name: 

Win32 ThreadId:4208

Extended Properties: 
----------------------------------------
